<?xml version="1.0" encoding="UTF-8"?>
<robot generator="Robot 7.2 (Python 3.13.1 on win32)" generated="2025-02-28T20:37:55.761023" rpa="false" schemaversion="5">
<suite id="s1" name="Testcases" source="C:\Users\nitku\PycharmProjects\RobotPageObjectModelWeb\Testcases">
<suite id="s1-s1" name="LoginTest" source="C:\Users\nitku\PycharmProjects\RobotPageObjectModelWeb\Testcases\LoginTest.robot">
<test id="s1-s1-t1" name="Login Test" line="16">
<kw name="Open my browser" owner="LoginKeywords">
<kw name="Open Browser" owner="SeleniumLibrary">
<msg time="2025-02-28T20:37:55.879644" level="INFO">Opening browser 'headlesschrome' to base url 'https://o2.openmrs.org/openmrs/login.htm'.</msg>
<arg>${siteurl}</arg>
<arg>${browser}</arg>
<doc>Opens a new browser instance to the optional ``url``.</doc>
<status status="PASS" start="2025-02-28T20:37:55.879446" elapsed="5.234229"/>
</kw>
<kw name="Maximize Browser Window" owner="SeleniumLibrary">
<doc>Maximizes current browser window.</doc>
<status status="PASS" start="2025-02-28T20:38:01.114058" elapsed="0.038166"/>
</kw>
<arg>${siteurl}</arg>
<arg>${browser}</arg>
<status status="PASS" start="2025-02-28T20:37:55.878861" elapsed="5.273724"/>
</kw>
<kw name="Enter email" owner="LoginKeywords">
<kw name="Input Text" owner="SeleniumLibrary">
<msg time="2025-02-28T20:38:01.154376" level="INFO">Typing text 'Admin' into text field 'xpath://input[@id='username']'.</msg>
<arg>${login_username}</arg>
<arg>${username}</arg>
<doc>Types the given ``text`` into the text field identified by ``locator``.</doc>
<status status="PASS" start="2025-02-28T20:38:01.153586" elapsed="0.169345"/>
</kw>
<arg>${email}</arg>
<status status="PASS" start="2025-02-28T20:38:01.153046" elapsed="0.170101"/>
</kw>
<kw name="Enter Password" owner="LoginKeywords">
<kw name="Input Text" owner="SeleniumLibrary">
<msg time="2025-02-28T20:38:01.324811" level="INFO">Typing text 'Admin123' into text field '//input[@id='password']'.</msg>
<arg>${login_password}</arg>
<arg>${password}</arg>
<doc>Types the given ``text`` into the text field identified by ``locator``.</doc>
<status status="PASS" start="2025-02-28T20:38:01.324087" elapsed="0.146195"/>
</kw>
<arg>${password}</arg>
<status status="PASS" start="2025-02-28T20:38:01.323415" elapsed="0.147138"/>
</kw>
<kw name="Choose Location" owner="LoginKeywords">
<kw name="Click Element" owner="SeleniumLibrary">
<msg time="2025-02-28T20:38:01.471915" level="INFO">Clicking element 'xpath://li[@id='Registration Desk']'.</msg>
<arg>${login_location}</arg>
<doc>Click the element identified by ``locator``.</doc>
<status status="PASS" start="2025-02-28T20:38:01.471488" elapsed="0.161318"/>
</kw>
<status status="PASS" start="2025-02-28T20:38:01.470918" elapsed="0.162087"/>
</kw>
<kw name="Click Login Button" owner="LoginKeywords">
<kw name="Click Element" owner="SeleniumLibrary">
<msg time="2025-02-28T20:38:01.634488" level="INFO">Clicking element 'xpath://input[@id='loginButton']'.</msg>
<arg>${login_button}</arg>
<doc>Click the element identified by ``locator``.</doc>
<status status="PASS" start="2025-02-28T20:38:01.634110" elapsed="1.812320"/>
</kw>
<status status="PASS" start="2025-02-28T20:38:01.633402" elapsed="1.813177"/>
</kw>
<kw name="Sleep" owner="BuiltIn">
<msg time="2025-02-28T20:38:06.447754" level="INFO">Slept 3 seconds.</msg>
<arg>3</arg>
<doc>Pauses the test executed for the given time.</doc>
<status status="PASS" start="2025-02-28T20:38:03.446814" elapsed="3.001230"/>
</kw>
<kw name="Verify Successful Login" owner="LoginKeywords">
<kw name="Title Should Be" owner="SeleniumLibrary">
<msg time="2025-02-28T20:38:06.467761" level="INFO">Page title is 'Home'.</msg>
<arg>Home</arg>
<doc>Verifies that the current page title equals ``title``.</doc>
<status status="PASS" start="2025-02-28T20:38:06.449096" elapsed="0.018915"/>
</kw>
<status status="PASS" start="2025-02-28T20:38:06.448530" elapsed="0.019733"/>
</kw>
<tag>login</tag>
<status status="PASS" start="2025-02-28T20:37:55.878343" elapsed="10.590281"/>
</test>
<status status="PASS" start="2025-02-28T20:37:55.780521" elapsed="10.689486"/>
</suite>
<suite id="s1-s2" name="RegistrationTest" source="C:\Users\nitku\PycharmProjects\RobotPageObjectModelWeb\Testcases\RegistrationTest.robot">
<test id="s1-s2-t1" name="Registration" line="19">
<kw name="Open registration Page" owner="RegistrationKeywords">
<kw name="Click Element" owner="SeleniumLibrary">
<msg time="2025-02-28T20:38:06.489420" level="INFO">Clicking element 'xpath://a[4]'.</msg>
<arg>${click_register}</arg>
<doc>Click the element identified by ``locator``.</doc>
<status status="PASS" start="2025-02-28T20:38:06.488932" elapsed="4.935603"/>
</kw>
<kw name="Title Should Be" owner="SeleniumLibrary">
<msg time="2025-02-28T20:38:11.443841" level="INFO">Page title is 'OpenMRS Electronic Medical Record'.</msg>
<arg>${confirm_page_title}</arg>
<doc>Verifies that the current page title equals ``title``.</doc>
<status status="PASS" start="2025-02-28T20:38:11.424991" elapsed="0.019249"/>
</kw>
<status status="PASS" start="2025-02-28T20:38:06.488315" elapsed="4.956286"/>
</kw>
<kw name="Enter Name" owner="RegistrationKeywords">
<kw name="Input Text" owner="SeleniumLibrary">
<msg time="2025-02-28T20:38:11.447995" level="INFO">Typing text 'Mary' into text field 'xpath://input[@name='givenName']'.</msg>
<arg>${reg_name}</arg>
<arg>${name}</arg>
<doc>Types the given ``text`` into the text field identified by ``locator``.</doc>
<status status="PASS" start="2025-02-28T20:38:11.446950" elapsed="0.192175"/>
</kw>
<kw name="Input Text" owner="SeleniumLibrary">
<msg time="2025-02-28T20:38:11.640701" level="INFO">Typing text 'Dawson' into text field 'xpath://input[@name='familyName']'.</msg>
<arg>${reg_familyName}</arg>
<arg>${fname}</arg>
<doc>Types the given ``text`` into the text field identified by ``locator``.</doc>
<status status="PASS" start="2025-02-28T20:38:11.639829" elapsed="0.273204"/>
</kw>
<kw name="Click Element" owner="SeleniumLibrary">
<msg time="2025-02-28T20:38:11.914417" level="INFO">Clicking element 'xpath://button[@id='next-button']'.</msg>
<arg>${click_next}</arg>
<doc>Click the element identified by ``locator``.</doc>
<status status="PASS" start="2025-02-28T20:38:11.913603" elapsed="0.215095"/>
</kw>
<arg>${name}</arg>
<arg>${fname}</arg>
<status status="PASS" start="2025-02-28T20:38:11.445434" elapsed="0.683548"/>
</kw>
<kw name="Select Gender" owner="RegistrationKeywords">
<kw name="Select From List By Value" owner="SeleniumLibrary">
<msg time="2025-02-28T20:38:12.130882" level="INFO">Selecting options from selection list '//select[@id='gender-field']' by value M.</msg>
<arg>${reg_gender}</arg>
<arg>${gender}</arg>
<doc>Selects options from selection list ``locator`` by ``values``.</doc>
<status status="PASS" start="2025-02-28T20:38:12.130220" elapsed="0.180457"/>
</kw>
<kw name="Click Element" owner="SeleniumLibrary">
<msg time="2025-02-28T20:38:12.311173" level="INFO">Clicking element 'xpath://button[@id='next-button']'.</msg>
<arg>${click_next}</arg>
<doc>Click the element identified by ``locator``.</doc>
<status status="PASS" start="2025-02-28T20:38:12.310948" elapsed="0.191668"/>
</kw>
<arg>${gender}</arg>
<status status="PASS" start="2025-02-28T20:38:12.129413" elapsed="0.373589"/>
</kw>
<kw name="Select Birth date" owner="RegistrationKeywords">
<kw name="Input Text" owner="SeleniumLibrary">
<msg time="2025-02-28T20:38:12.505325" level="INFO">Typing text '23' into text field 'xpath://input[@id='birthdateDay-field']'.</msg>
<arg>${birth_day}</arg>
<arg>${day}</arg>
<doc>Types the given ``text`` into the text field identified by ``locator``.</doc>
<status status="PASS" start="2025-02-28T20:38:12.504756" elapsed="0.270485"/>
</kw>
<kw name="Input Text" owner="SeleniumLibrary">
<msg time="2025-02-28T20:38:12.776702" level="INFO">Typing text '1995' into text field 'xpath://input[@id='birthdateYear-field']'.</msg>
<arg>${birth_year}</arg>
<arg>${year}</arg>
<doc>Types the given ``text`` into the text field identified by ``locator``.</doc>
<status status="PASS" start="2025-02-28T20:38:12.775783" elapsed="0.262721"/>
</kw>
<kw name="Select From List By Index" owner="SeleniumLibrary">
<msg time="2025-02-28T20:38:13.040359" level="INFO">Selecting options from selection list 'xpath://select[@id='birthdateMonth-field']' by index 9.</msg>
<arg>${birth_month}</arg>
<arg>9</arg>
<doc>Selects options from selection list ``locator`` by ``indexes``.</doc>
<status status="PASS" start="2025-02-28T20:38:13.039769" elapsed="0.478491"/>
</kw>
<kw name="Click Element" owner="SeleniumLibrary">
<msg time="2025-02-28T20:38:13.518970" level="INFO">Clicking element 'xpath://button[@id='next-button']'.</msg>
<arg>${click_next}</arg>
<doc>Click the element identified by ``locator``.</doc>
<status status="PASS" start="2025-02-28T20:38:13.518570" elapsed="0.205164"/>
</kw>
<arg>${bir_day}</arg>
<arg>${bir_year}</arg>
<status status="PASS" start="2025-02-28T20:38:12.503732" elapsed="1.220249"/>
</kw>
<kw name="Enter Address" owner="RegistrationKeywords">
<kw name="Input Text" owner="SeleniumLibrary">
<msg time="2025-02-28T20:38:13.726383" level="INFO">Typing text 'B-202,Vijayanagar' into text field 'xpath://input[@id='address1']'.</msg>
<arg>${address_text}</arg>
<arg>${text}</arg>
<doc>Types the given ``text`` into the text field identified by ``locator``.</doc>
<status status="PASS" start="2025-02-28T20:38:13.725763" elapsed="0.297722"/>
</kw>
<kw name="Input Text" owner="SeleniumLibrary">
<msg time="2025-02-28T20:38:14.024779" level="INFO">Typing text 'Bengaluru' into text field 'xpath://input[@id='cityVillage']'.</msg>
<arg>${address_city}</arg>
<arg>${city}</arg>
<doc>Types the given ``text`` into the text field identified by ``locator``.</doc>
<status status="PASS" start="2025-02-28T20:38:14.024009" elapsed="0.261954"/>
</kw>
<kw name="Input Text" owner="SeleniumLibrary">
<msg time="2025-02-28T20:38:14.287558" level="INFO">Typing text 'Karnataka' into text field 'xpath://input[@id='stateProvince']'.</msg>
<arg>${address_state}</arg>
<arg>${state}</arg>
<doc>Types the given ``text`` into the text field identified by ``locator``.</doc>
<status status="PASS" start="2025-02-28T20:38:14.286611" elapsed="0.277572"/>
</kw>
<kw name="Input Text" owner="SeleniumLibrary">
<msg time="2025-02-28T20:38:14.564760" level="INFO">Typing text 'India' into text field 'xpath://input[@id='country']'.</msg>
<arg>${address_country}</arg>
<arg>${country}</arg>
<doc>Types the given ``text`` into the text field identified by ``locator``.</doc>
<status status="PASS" start="2025-02-28T20:38:14.564463" elapsed="0.254651"/>
</kw>
<kw name="Input Text" owner="SeleniumLibrary">
<msg time="2025-02-28T20:38:14.820218" level="INFO">Typing text '560066' into text field 'xpath://input[@id='postalCode']'.</msg>
<arg>${address_code}</arg>
<arg>${code}</arg>
<doc>Types the given ``text`` into the text field identified by ``locator``.</doc>
<status status="PASS" start="2025-02-28T20:38:14.819631" elapsed="0.183763"/>
</kw>
<kw name="Click Element" owner="SeleniumLibrary">
<msg time="2025-02-28T20:38:15.004388" level="INFO">Clicking element 'xpath://button[@id='next-button']'.</msg>
<arg>${click_next}</arg>
<doc>Click the element identified by ``locator``.</doc>
<status status="PASS" start="2025-02-28T20:38:15.003800" elapsed="0.136257"/>
</kw>
<arg>${add_text}</arg>
<arg>${add_city}</arg>
<arg>${add_state}</arg>
<arg>${add_country}</arg>
<arg>${add_code}</arg>
<status status="PASS" start="2025-02-28T20:38:13.724386" elapsed="1.415847"/>
</kw>
<kw name="Enter Phone Number" owner="RegistrationKeywords">
<kw name="Input Text" owner="SeleniumLibrary">
<msg time="2025-02-28T20:38:15.141425" level="INFO">Typing text '1234567899' into text field 'xpath://input[@name='phoneNumber']'.</msg>
<arg>${phone_number}</arg>
<arg>${phone}</arg>
<doc>Types the given ``text`` into the text field identified by ``locator``.</doc>
<status status="PASS" start="2025-02-28T20:38:15.140977" elapsed="0.226938"/>
</kw>
<kw name="Click Element" owner="SeleniumLibrary">
<msg time="2025-02-28T20:38:15.368581" level="INFO">Clicking element 'xpath://button[@id='next-button']'.</msg>
<arg>${click_next}</arg>
<doc>Click the element identified by ``locator``.</doc>
<status status="PASS" start="2025-02-28T20:38:15.368252" elapsed="0.161290"/>
</kw>
<arg>${phone}</arg>
<status status="PASS" start="2025-02-28T20:38:15.140510" elapsed="0.389446"/>
</kw>
<kw name="Select Relatives" owner="RegistrationKeywords">
<kw name="Select From List By Label" owner="SeleniumLibrary">
<msg time="2025-02-28T20:38:15.532182" level="INFO">Selecting options from selection list 'xpath://select[@id='relationship_type']' by label Sibling.</msg>
<arg>${relationship_type}</arg>
<arg>${relation}</arg>
<doc>Selects options from selection list ``locator`` by ``labels``.</doc>
<status status="PASS" start="2025-02-28T20:38:15.531650" elapsed="0.193725"/>
</kw>
<kw name="Input Text" owner="SeleniumLibrary">
<msg time="2025-02-28T20:38:15.726800" level="INFO">Typing text 'James' into text field 'xpath://input[@placeholder='Person Name']'.</msg>
<arg>${relation_person}</arg>
<arg>${personname}</arg>
<doc>Types the given ``text`` into the text field identified by ``locator``.</doc>
<status status="PASS" start="2025-02-28T20:38:15.725928" elapsed="0.199559"/>
</kw>
<kw name="Click Element" owner="SeleniumLibrary">
<msg time="2025-02-28T20:38:15.926414" level="INFO">Clicking element 'xpath://button[@id='next-button']'.</msg>
<arg>${click_next}</arg>
<doc>Click the element identified by ``locator``.</doc>
<status status="PASS" start="2025-02-28T20:38:15.925819" elapsed="0.197565"/>
</kw>
<kw name="Click Element" owner="SeleniumLibrary">
<msg time="2025-02-28T20:38:16.124160" level="INFO">Clicking element 'xpath:(//input[@id='submit'])[1]'.</msg>
<arg>${confirm_info}</arg>
<doc>Click the element identified by ``locator``.</doc>
<status status="PASS" start="2025-02-28T20:38:16.123696" elapsed="0.252178"/>
</kw>
<arg>${relation_name}</arg>
<arg>${relation_type}</arg>
<status status="PASS" start="2025-02-28T20:38:15.530657" elapsed="0.845546"/>
</kw>
<kw name="Sleep" owner="BuiltIn">
<msg time="2025-02-28T20:38:19.378275" level="INFO">Slept 3 seconds.</msg>
<arg>3</arg>
<doc>Pauses the test executed for the given time.</doc>
<status status="PASS" start="2025-02-28T20:38:16.376841" elapsed="3.001860"/>
</kw>
<kw name="Verify Successful Registration" owner="RegistrationKeywords">
<kw name="Get Text" owner="SeleniumLibrary">
<msg time="2025-02-28T20:38:22.180271" level="INFO">${givenname} = Mary</msg>
<var>${givenname}</var>
<arg>${confirm_given_name}</arg>
<doc>Returns the text value of the element identified by ``locator``.</doc>
<status status="PASS" start="2025-02-28T20:38:19.380146" elapsed="2.800298"/>
</kw>
<kw name="Get Text" owner="SeleniumLibrary">
<msg time="2025-02-28T20:38:22.272629" level="INFO">${familyname} = Dawson</msg>
<var>${familyname}</var>
<arg>${confirm_family_name}</arg>
<doc>Returns the text value of the element identified by ``locator``.</doc>
<status status="PASS" start="2025-02-28T20:38:22.181116" elapsed="0.091719"/>
</kw>
<kw name="Should Be Equal As Strings" owner="BuiltIn">
<arg>${givenname}</arg>
<arg>${name}</arg>
<doc>Fails if objects are unequal after converting them to strings.</doc>
<status status="PASS" start="2025-02-28T20:38:22.273456" elapsed="0.000763"/>
</kw>
<kw name="Should Be Equal As Strings" owner="BuiltIn">
<arg>${familyname}</arg>
<arg>${fname}</arg>
<doc>Fails if objects are unequal after converting them to strings.</doc>
<status status="PASS" start="2025-02-28T20:38:22.274620" elapsed="0.000659"/>
</kw>
<arg>${name}</arg>
<arg>${fname}</arg>
<status status="PASS" start="2025-02-28T20:38:19.379605" elapsed="2.896001"/>
</kw>
<kw name="close browsers" owner="RegistrationKeywords">
<kw name="Close All Browsers" owner="SeleniumLibrary">
<doc>Closes all open browsers and resets the browser cache.</doc>
<status status="PASS" start="2025-02-28T20:38:22.276858" elapsed="6.285725"/>
</kw>
<status status="PASS" start="2025-02-28T20:38:22.276123" elapsed="6.286725"/>
</kw>
<tag>registration</tag>
<status status="PASS" start="2025-02-28T20:38:06.487226" elapsed="22.076186"/>
</test>
<status status="PASS" start="2025-02-28T20:38:06.471471" elapsed="22.092670"/>
</suite>
<status status="PASS" start="2025-02-28T20:37:55.762187" elapsed="32.803231"/>
</suite>
<statistics>
<total>
<stat pass="2" fail="0" skip="0">All Tests</stat>
</total>
<tag>
<stat pass="1" fail="0" skip="0">login</stat>
<stat pass="1" fail="0" skip="0">registration</stat>
</tag>
<suite>
<stat name="Testcases" id="s1" pass="2" fail="0" skip="0">Testcases</stat>
<stat name="LoginTest" id="s1-s1" pass="1" fail="0" skip="0">Testcases.LoginTest</stat>
<stat name="RegistrationTest" id="s1-s2" pass="1" fail="0" skip="0">Testcases.RegistrationTest</stat>
</suite>
</statistics>
<errors>
</errors>
</robot>
