<?xml version="1.0" encoding="UTF-8"?>
<robot generator="Robot 7.2.2 (Python 3.13.1 on win32)" generated="2025-02-28T19:51:29.267381" rpa="false" schemaversion="5">
<suite id="s1" name="Suites">
<suite id="s1-s1" name="RegistrationTest" source="C:\Users\nitku\PycharmProjects\RobotPageObjectModelWeb\Testcases\RegistrationTest.robot">
<test id="s1-s1-t1" name="Registration" line="19">
<kw name="Open registration Page" owner="RegistrationKeywords">
<kw name="Click Element" owner="SeleniumLibrary">
<msg time="2025-02-28T19:51:29.472714" level="INFO">Clicking element 'xpath://a[4]'.</msg>
<msg time="2025-02-28T19:51:29.472822" level="INFO">Cannot capture screenshot because no browser is open.</msg>
<msg time="2025-02-28T19:51:29.472913" level="FAIL">No browser is open.</msg>
<arg>${click_register}</arg>
<doc>Click the element identified by ``locator``.</doc>
<status status="FAIL" start="2025-02-28T19:51:29.472409" elapsed="0.002312">No browser is open.</status>
</kw>
<kw name="Title Should Be" owner="SeleniumLibrary">
<arg>${confirm_page_title}</arg>
<doc>Verifies that the current page title equals ``title``.</doc>
<status status="NOT RUN" start="2025-02-28T19:51:29.474930" elapsed="0.000049"/>
</kw>
<status status="FAIL" start="2025-02-28T19:51:29.471800" elapsed="0.003283">No browser is open.</status>
</kw>
<kw name="Enter Name" owner="RegistrationKeywords">
<arg>${name}</arg>
<arg>${fname}</arg>
<status status="NOT RUN" start="2025-02-28T19:51:29.475208" elapsed="0.000043"/>
</kw>
<kw name="Select Gender" owner="RegistrationKeywords">
<arg>${gender}</arg>
<status status="NOT RUN" start="2025-02-28T19:51:29.475367" elapsed="0.000072"/>
</kw>
<kw name="Select Birth date" owner="RegistrationKeywords">
<arg>${bir_day}</arg>
<arg>${bir_year}</arg>
<status status="NOT RUN" start="2025-02-28T19:51:29.475558" elapsed="0.000045"/>
</kw>
<kw name="Enter Address" owner="RegistrationKeywords">
<arg>${add_text}</arg>
<arg>${add_city}</arg>
<arg>${add_state}</arg>
<arg>${add_country}</arg>
<arg>${add_code}</arg>
<status status="NOT RUN" start="2025-02-28T19:51:29.475715" elapsed="0.000040"/>
</kw>
<kw name="Enter Phone Number" owner="RegistrationKeywords">
<arg>${phone}</arg>
<status status="NOT RUN" start="2025-02-28T19:51:29.475847" elapsed="0.000036"/>
</kw>
<kw name="Select Relatives" owner="RegistrationKeywords">
<arg>${relation_name}</arg>
<arg>${relation_type}</arg>
<status status="NOT RUN" start="2025-02-28T19:51:29.475983" elapsed="0.000038"/>
</kw>
<kw name="Sleep" owner="BuiltIn">
<arg>3</arg>
<doc>Pauses the test executed for the given time.</doc>
<status status="NOT RUN" start="2025-02-28T19:51:29.476098" elapsed="0.000029"/>
</kw>
<kw name="Verify Successful Registration" owner="RegistrationKeywords">
<arg>${name}</arg>
<arg>${fname}</arg>
<status status="NOT RUN" start="2025-02-28T19:51:29.476208" elapsed="0.000030"/>
</kw>
<kw name="close browsers" owner="RegistrationKeywords">
<status status="NOT RUN" start="2025-02-28T19:51:29.476306" elapsed="0.000027"/>
</kw>
<tag>registration</tag>
<status status="FAIL" start="2025-02-28T19:51:29.471204" elapsed="0.005244">No browser is open.</status>
</test>
<status status="FAIL" start="2025-02-28T19:51:29.289208" elapsed="0.189275"/>
</suite>
<status status="FAIL" start="2025-02-28T19:51:29.278985" elapsed="0.199940"/>
</suite>
<statistics>
<total>
<stat pass="0" fail="1" skip="0">All Tests</stat>
</total>
<tag>
<stat pass="0" fail="1" skip="0">registration</stat>
</tag>
<suite>
<stat name="Suites" id="s1" pass="0" fail="1" skip="0">Suites</stat>
<stat name="RegistrationTest" id="s1-s1" pass="0" fail="1" skip="0">Suites.RegistrationTest</stat>
</suite>
</statistics>
<errors>
</errors>
</robot>
